[01m[K/home/hj/iiwa_stack_ws/src/iiwa_stack_examples/iiwa_tool_examples/src/command_robot_moveit.cpp:[m[K In function â€˜[01m[Kint main(int, char**)[m[Kâ€™:
[01m[K/home/hj/iiwa_stack_ws/src/iiwa_stack_examples/iiwa_tool_examples/src/command_robot_moveit.cpp:123:37:[m[K [01;31m[Kerror: [m[Kâ€˜[01m[KMoveGroupInterface[m[Kâ€™ is not a member of â€˜[01m[Kmoveit::planning_interface[m[Kâ€™
         moveit::planning_interface::[01;31m[KMoveGroupInterface[m[K move_group(movegroup_name);
                                     [01;31m[K^~~~~~~~~~~~~~~~~~[m[K
[01m[K/home/hj/iiwa_stack_ws/src/iiwa_stack_examples/iiwa_tool_examples/src/command_robot_moveit.cpp:125:37:[m[K [01;31m[Kerror: [m[Kâ€˜[01m[Kmoveit::planning_interface::MoveGroup[m[Kâ€™ has not been declared
         moveit::planning_interface::[01;31m[KMoveGroup[m[K::Plan myplan;
                                     [01;31m[K^~~~~~~~~[m[K
[01m[K/home/hj/iiwa_stack_ws/src/iiwa_stack_examples/iiwa_tool_examples/src/command_robot_moveit.cpp:130:2:[m[K [01;31m[Kerror: [m[Kâ€˜[01m[Kgroup[m[Kâ€™ was not declared in this scope
  [01;31m[Kgroup[m[K.setPlanningTime(5.0);
  [01;31m[K^~~~~[m[K
[01m[K/home/hj/iiwa_stack_ws/src/iiwa_stack_examples/iiwa_tool_examples/src/command_robot_moveit.cpp:270:26:[m[K [01;31m[Kerror: [m[Kâ€˜[01m[Kmyplan[m[Kâ€™ was not declared in this scope
     success = group.plan([01;31m[Kmyplan[m[K);
                          [01;31m[K^~~~~~[m[K
[01m[K/home/hj/iiwa_stack_ws/src/iiwa_stack_examples/iiwa_tool_examples/src/command_robot_moveit.cpp:270:26:[m[K [01;36m[Knote: [m[Ksuggested alternative: â€˜[01m[Kmbrlen[m[Kâ€™
     success = group.plan([01;36m[Kmyplan[m[K);
                          [01;36m[K^~~~~~[m[K
                          [32m[Kmbrlen[m[K
[01m[K/home/hj/iiwa_stack_ws/src/iiwa_stack_examples/iiwa_tool_examples/src/command_robot_moveit.cpp:320:26:[m[K [01;31m[Kerror: [m[Kâ€˜[01m[Kmyplan[m[Kâ€™ was not declared in this scope
     success = group.plan([01;31m[Kmyplan[m[K);
                          [01;31m[K^~~~~~[m[K
[01m[K/home/hj/iiwa_stack_ws/src/iiwa_stack_examples/iiwa_tool_examples/src/command_robot_moveit.cpp:320:26:[m[K [01;36m[Knote: [m[Ksuggested alternative: â€˜[01m[Kmbrlen[m[Kâ€™
     success = group.plan([01;36m[Kmyplan[m[K);
                          [01;36m[K^~~~~~[m[K
                          [32m[Kmbrlen[m[K
[01m[K/home/hj/iiwa_stack_ws/src/iiwa_stack_examples/iiwa_tool_examples/src/command_robot_moveit.cpp:442:27:[m[K [01;31m[Kerror: [m[Kâ€˜[01m[Kmyplan[m[Kâ€™ was not declared in this scope
      success = group.plan([01;31m[Kmyplan[m[K);
                           [01;31m[K^~~~~~[m[K
[01m[K/home/hj/iiwa_stack_ws/src/iiwa_stack_examples/iiwa_tool_examples/src/command_robot_moveit.cpp:442:27:[m[K [01;36m[Knote: [m[Ksuggested alternative: â€˜[01m[Kmbrlen[m[Kâ€™
      success = group.plan([01;36m[Kmyplan[m[K);
                           [01;36m[K^~~~~~[m[K
                           [32m[Kmbrlen[m[K
make[2]: *** [CMakeFiles/command_robot_moveit.dir/src/command_robot_moveit.cpp.o] Error 1
make[1]: *** [CMakeFiles/command_robot_moveit.dir/all] Error 2
make: *** [all] Error 2
