In file included from [01m[K/opt/ros/melodic/include/ros/ros.h:40:0[m[K,
                 from [01m[K/home/hj/iiwa_stack_ws/src/iiwa_stack_examples/iiwa_tool_examples/src/command_robot_moveit.cpp:6[m[K:
[01m[K/home/hj/iiwa_stack_ws/src/iiwa_stack_examples/iiwa_tool_examples/src/command_robot_moveit.cpp:[m[K In function â€˜[01m[Kint main(int, char**)[m[Kâ€™:
[01m[K/home/hj/iiwa_stack_ws/src/iiwa_stack_examples/iiwa_tool_examples/src/command_robot_moveit.cpp:175:53:[m[K [01;31m[Kerror: [m[Kâ€˜[01m[Kgroup[m[Kâ€™ was not declared in this scope
    ROS_INFO("*****************Reference frame: %s", [01;31m[Kg[m[Kroup.getPlanningFrame().c_str());
                                                     [01;31m[K^[m[K
[01m[K/opt/ros/melodic/include/ros/console.h:348:165:[m[K [01;36m[Knote: [m[Kin definition of macro â€˜[01m[KROSCONSOLE_PRINT_AT_LOCATION_WITH_FILTER[m[Kâ€™
     ::ros::console::print(filter, __rosconsole_define_location__loc.logger_, __rosconsole_define_location__loc.level_, __FILE__, __LINE__, __ROSCONSOLE_FUNCTION__, [01;36m[K__VA_ARGS__[m[K)
                                                                                                                                                                     [01;36m[K^~~~~~~~~~~[m[K
[01m[K/opt/ros/melodic/include/ros/console.h:387:7:[m[K [01;36m[Knote: [m[Kin expansion of macro â€˜[01m[KROSCONSOLE_PRINT_AT_LOCATION[m[Kâ€™
       [01;36m[KROSCONSOLE_PRINT_AT_LOCATION[m[K(__VA_ARGS__); \
       [01;36m[K^~~~~~~~~~~~~~~~~~~~~~~~~~~~[m[K
[01m[K/opt/ros/melodic/include/ros/console.h:572:35:[m[K [01;36m[Knote: [m[Kin expansion of macro â€˜[01m[KROS_LOG_COND[m[Kâ€™
 #define ROS_LOG(level, name, ...) [01;36m[KROS_LOG_COND[m[K(true, level, name, __VA_ARGS__)
                                   [01;36m[K^~~~~~~~~~~~[m[K
[01m[K/opt/ros/melodic/include/rosconsole/macros_generated.h:110:23:[m[K [01;36m[Knote: [m[Kin expansion of macro â€˜[01m[KROS_LOG[m[Kâ€™
 #define ROS_INFO(...) [01;36m[KROS_LOG[m[K(::ros::console::levels::Info, ROSCONSOLE_DEFAULT_NAME, __VA_ARGS__)
                       [01;36m[K^~~~~~~[m[K
[01m[K/home/hj/iiwa_stack_ws/src/iiwa_stack_examples/iiwa_tool_examples/src/command_robot_moveit.cpp:175:4:[m[K [01;36m[Knote: [m[Kin expansion of macro â€˜[01m[KROS_INFO[m[Kâ€™
    [01;36m[KR[m[KOS_INFO("*****************Reference frame: %s", group.getPlanningFrame().c_str());
    [01;36m[K^[m[K
[01m[K/home/hj/iiwa_stack_ws/src/iiwa_stack_examples/iiwa_tool_examples/src/command_robot_moveit.cpp:176:53:[m[K [01;31m[Kerror: [m[Kâ€˜[01m[Kgroup[m[Kâ€™ was not declared in this scope
    ROS_INFO("*****************Reference frame: %s", [01;31m[Kg[m[Kroup.getEndEffectorLink().c_str());
                                                     [01;31m[K^[m[K
[01m[K/opt/ros/melodic/include/ros/console.h:348:165:[m[K [01;36m[Knote: [m[Kin definition of macro â€˜[01m[KROSCONSOLE_PRINT_AT_LOCATION_WITH_FILTER[m[Kâ€™
     ::ros::console::print(filter, __rosconsole_define_location__loc.logger_, __rosconsole_define_location__loc.level_, __FILE__, __LINE__, __ROSCONSOLE_FUNCTION__, [01;36m[K__VA_ARGS__[m[K)
                                                                                                                                                                     [01;36m[K^~~~~~~~~~~[m[K
[01m[K/opt/ros/melodic/include/ros/console.h:387:7:[m[K [01;36m[Knote: [m[Kin expansion of macro â€˜[01m[KROSCONSOLE_PRINT_AT_LOCATION[m[Kâ€™
       [01;36m[KROSCONSOLE_PRINT_AT_LOCATION[m[K(__VA_ARGS__); \
       [01;36m[K^~~~~~~~~~~~~~~~~~~~~~~~~~~~[m[K
[01m[K/opt/ros/melodic/include/ros/console.h:572:35:[m[K [01;36m[Knote: [m[Kin expansion of macro â€˜[01m[KROS_LOG_COND[m[Kâ€™
 #define ROS_LOG(level, name, ...) [01;36m[KROS_LOG_COND[m[K(true, level, name, __VA_ARGS__)
                                   [01;36m[K^~~~~~~~~~~~[m[K
[01m[K/opt/ros/melodic/include/rosconsole/macros_generated.h:110:23:[m[K [01;36m[Knote: [m[Kin expansion of macro â€˜[01m[KROS_LOG[m[Kâ€™
 #define ROS_INFO(...) [01;36m[KROS_LOG[m[K(::ros::console::levels::Info, ROSCONSOLE_DEFAULT_NAME, __VA_ARGS__)
                       [01;36m[K^~~~~~~[m[K
[01m[K/home/hj/iiwa_stack_ws/src/iiwa_stack_examples/iiwa_tool_examples/src/command_robot_moveit.cpp:176:4:[m[K [01;36m[Knote: [m[Kin expansion of macro â€˜[01m[KROS_INFO[m[Kâ€™
    [01;36m[KR[m[KOS_INFO("*****************Reference frame: %s", group.getEndEffectorLink().c_str());
    [01;36m[K^[m[K
[01m[K/home/hj/iiwa_stack_ws/src/iiwa_stack_examples/iiwa_tool_examples/src/command_robot_moveit.cpp:179:39:[m[K [01;31m[Kerror: [m[Kâ€˜[01m[Kgroup[m[Kâ€™ was not declared in this scope
    collision_object.header.frame_id = [01;31m[Kgroup[m[K.getPlanningFrame();
                                       [01;31m[K^~~~~[m[K
[01m[K/home/hj/iiwa_stack_ws/src/iiwa_stack_examples/iiwa_tool_examples/src/command_robot_moveit.cpp:247:16:[m[K [01;31m[Kerror: [m[Kâ€˜[01m[Kgroup[m[Kâ€™ was not declared in this scope
     bool set = [01;31m[Kgroup[m[K.setJointValueTarget(eef_pose, ee_link);
                [01;31m[K^~~~~[m[K
[01m[K/home/hj/iiwa_stack_ws/src/iiwa_stack_examples/iiwa_tool_examples/src/command_robot_moveit.cpp:274:46:[m[K [01;31m[Kerror: [m[Kâ€˜[01m[Kgroup[m[Kâ€™ was not declared in this scope
     robot_state::RobotState move_start_state([01;31m[Kgroup[m[K.getJointValueTarget());
                                              [01;31m[K^~~~~[m[K
[01m[K/home/hj/iiwa_stack_ws/src/iiwa_stack_examples/iiwa_tool_examples/src/command_robot_moveit.cpp:324:46:[m[K [01;31m[Kerror: [m[Kâ€˜[01m[Kgroup[m[Kâ€™ was not declared in this scope
     robot_state::RobotState move_start_state([01;31m[Kgroup[m[K.getJointValueTarget());
                                              [01;31m[K^~~~~[m[K
[01m[K/home/hj/iiwa_stack_ws/src/iiwa_stack_examples/iiwa_tool_examples/src/command_robot_moveit.cpp:446:42:[m[K [01;31m[Kerror: [m[Kâ€˜[01m[Kgroup[m[Kâ€™ was not declared in this scope
      robot_state::RobotState start_state([01;31m[Kgroup[m[K.getJointValueTarget());
                                          [01;31m[K^~~~~[m[K
make[2]: *** [CMakeFiles/command_robot_moveit.dir/src/command_robot_moveit.cpp.o] Error 1
make[1]: *** [CMakeFiles/command_robot_moveit.dir/all] Error 2
make: *** [all] Error 2
